[2021-12-11 00:19:36] local.ERROR: The "E:\xamp\htdocs\laravel\Articles-master\Modules\Tag\Providers/../Console" directory does not exist. {"exception":"[object] (Symfony\\Component\\Finder\\Exception\\DirectoryNotFoundException(code: 0): The \"E:\\xamp\\htdocs\\laravel\\Articles-master\\Modules\\Tag\\Providers/../Console\" directory does not exist. at E:\\xamp\\htdocs\\laravel\\Articles-master\\vendor\\symfony\\finder\\Finder.php:592)
[stacktrace]
#0 E:\\xamp\\htdocs\\laravel\\Articles-master\\Modules\\Tag\\Providers\\TagServiceProvider.php(118): Symfony\\Component\\Finder\\Finder->in('E:\\\\xamp\\\\htdocs\\\\...')
#1 E:\\xamp\\htdocs\\laravel\\Articles-master\\Modules\\Tag\\Providers\\TagServiceProvider.php(37): Modules\\Tag\\Providers\\TagServiceProvider->registerCommands('\\\\Modules\\\\Tag\\\\Co...')
#2 E:\\xamp\\htdocs\\laravel\\Articles-master\\vendor\\laravel\\framework\\src\\Illuminate\\Container\\BoundMethod.php(36): Modules\\Tag\\Providers\\TagServiceProvider->boot()
#3 E:\\xamp\\htdocs\\laravel\\Articles-master\\vendor\\laravel\\framework\\src\\Illuminate\\Container\\Util.php(40): Illuminate\\Container\\BoundMethod::Illuminate\\Container\\{closure}()
#4 E:\\xamp\\htdocs\\laravel\\Articles-master\\vendor\\laravel\\framework\\src\\Illuminate\\Container\\BoundMethod.php(93): Illuminate\\Container\\Util::unwrapIfClosure(Object(Closure))
#5 E:\\xamp\\htdocs\\laravel\\Articles-master\\vendor\\laravel\\framework\\src\\Illuminate\\Container\\BoundMethod.php(37): Illuminate\\Container\\BoundMethod::callBoundMethod(Object(Illuminate\\Foundation\\Application), Array, Object(Closure))
#6 E:\\xamp\\htdocs\\laravel\\Articles-master\\vendor\\laravel\\framework\\src\\Illuminate\\Container\\Container.php(653): Illuminate\\Container\\BoundMethod::call(Object(Illuminate\\Foundation\\Application), Array, Array, NULL)
#7 E:\\xamp\\htdocs\\laravel\\Articles-master\\vendor\\laravel\\framework\\src\\Illuminate\\Foundation\\Application.php(924): Illuminate\\Container\\Container->call(Array)
#8 E:\\xamp\\htdocs\\laravel\\Articles-master\\vendor\\laravel\\framework\\src\\Illuminate\\Foundation\\Application.php(905): Illuminate\\Foundation\\Application->bootProvider(Object(Modules\\Tag\\Providers\\TagServiceProvider))
#9 [internal function]: Illuminate\\Foundation\\Application->Illuminate\\Foundation\\{closure}(Object(Modules\\Tag\\Providers\\TagServiceProvider), 58)
#10 E:\\xamp\\htdocs\\laravel\\Articles-master\\vendor\\laravel\\framework\\src\\Illuminate\\Foundation\\Application.php(906): array_walk(Array, Object(Closure))
#11 E:\\xamp\\htdocs\\laravel\\Articles-master\\vendor\\laravel\\framework\\src\\Illuminate\\Foundation\\Bootstrap\\BootProviders.php(17): Illuminate\\Foundation\\Application->boot()
#12 E:\\xamp\\htdocs\\laravel\\Articles-master\\vendor\\laravel\\framework\\src\\Illuminate\\Foundation\\Application.php(237): Illuminate\\Foundation\\Bootstrap\\BootProviders->bootstrap(Object(Illuminate\\Foundation\\Application))
#13 E:\\xamp\\htdocs\\laravel\\Articles-master\\vendor\\laravel\\framework\\src\\Illuminate\\Foundation\\Console\\Kernel.php(310): Illuminate\\Foundation\\Application->bootstrapWith(Array)
#14 E:\\xamp\\htdocs\\laravel\\Articles-master\\vendor\\laravel\\framework\\src\\Illuminate\\Foundation\\Console\\Kernel.php(127): Illuminate\\Foundation\\Console\\Kernel->bootstrap()
#15 E:\\xamp\\htdocs\\laravel\\Articles-master\\artisan(37): Illuminate\\Foundation\\Console\\Kernel->handle(Object(Symfony\\Component\\Console\\Input\\ArgvInput), Object(Symfony\\Component\\Console\\Output\\ConsoleOutput))
#16 {main}
"} 
[2021-12-11 00:19:52] local.ERROR: The "E:\xamp\htdocs\laravel\Articles-master\Modules\Tag\Providers/../Console" directory does not exist. {"exception":"[object] (Symfony\\Component\\Finder\\Exception\\DirectoryNotFoundException(code: 0): The \"E:\\xamp\\htdocs\\laravel\\Articles-master\\Modules\\Tag\\Providers/../Console\" directory does not exist. at E:\\xamp\\htdocs\\laravel\\Articles-master\\vendor\\symfony\\finder\\Finder.php:592)
[stacktrace]
#0 E:\\xamp\\htdocs\\laravel\\Articles-master\\Modules\\Tag\\Providers\\TagServiceProvider.php(118): Symfony\\Component\\Finder\\Finder->in('E:\\\\xamp\\\\htdocs\\\\...')
#1 E:\\xamp\\htdocs\\laravel\\Articles-master\\Modules\\Tag\\Providers\\TagServiceProvider.php(37): Modules\\Tag\\Providers\\TagServiceProvider->registerCommands('\\\\Modules\\\\Tag\\\\Co...')
#2 E:\\xamp\\htdocs\\laravel\\Articles-master\\vendor\\laravel\\framework\\src\\Illuminate\\Container\\BoundMethod.php(36): Modules\\Tag\\Providers\\TagServiceProvider->boot()
#3 E:\\xamp\\htdocs\\laravel\\Articles-master\\vendor\\laravel\\framework\\src\\Illuminate\\Container\\Util.php(40): Illuminate\\Container\\BoundMethod::Illuminate\\Container\\{closure}()
#4 E:\\xamp\\htdocs\\laravel\\Articles-master\\vendor\\laravel\\framework\\src\\Illuminate\\Container\\BoundMethod.php(93): Illuminate\\Container\\Util::unwrapIfClosure(Object(Closure))
#5 E:\\xamp\\htdocs\\laravel\\Articles-master\\vendor\\laravel\\framework\\src\\Illuminate\\Container\\BoundMethod.php(37): Illuminate\\Container\\BoundMethod::callBoundMethod(Object(Illuminate\\Foundation\\Application), Array, Object(Closure))
#6 E:\\xamp\\htdocs\\laravel\\Articles-master\\vendor\\laravel\\framework\\src\\Illuminate\\Container\\Container.php(653): Illuminate\\Container\\BoundMethod::call(Object(Illuminate\\Foundation\\Application), Array, Array, NULL)
#7 E:\\xamp\\htdocs\\laravel\\Articles-master\\vendor\\laravel\\framework\\src\\Illuminate\\Foundation\\Application.php(924): Illuminate\\Container\\Container->call(Array)
#8 E:\\xamp\\htdocs\\laravel\\Articles-master\\vendor\\laravel\\framework\\src\\Illuminate\\Foundation\\Application.php(905): Illuminate\\Foundation\\Application->bootProvider(Object(Modules\\Tag\\Providers\\TagServiceProvider))
#9 [internal function]: Illuminate\\Foundation\\Application->Illuminate\\Foundation\\{closure}(Object(Modules\\Tag\\Providers\\TagServiceProvider), 59)
#10 E:\\xamp\\htdocs\\laravel\\Articles-master\\vendor\\laravel\\framework\\src\\Illuminate\\Foundation\\Application.php(906): array_walk(Array, Object(Closure))
#11 E:\\xamp\\htdocs\\laravel\\Articles-master\\vendor\\laravel\\framework\\src\\Illuminate\\Foundation\\Bootstrap\\BootProviders.php(17): Illuminate\\Foundation\\Application->boot()
#12 E:\\xamp\\htdocs\\laravel\\Articles-master\\vendor\\laravel\\framework\\src\\Illuminate\\Foundation\\Application.php(237): Illuminate\\Foundation\\Bootstrap\\BootProviders->bootstrap(Object(Illuminate\\Foundation\\Application))
#13 E:\\xamp\\htdocs\\laravel\\Articles-master\\vendor\\laravel\\framework\\src\\Illuminate\\Foundation\\Console\\Kernel.php(310): Illuminate\\Foundation\\Application->bootstrapWith(Array)
#14 E:\\xamp\\htdocs\\laravel\\Articles-master\\vendor\\laravel\\framework\\src\\Illuminate\\Foundation\\Console\\Kernel.php(127): Illuminate\\Foundation\\Console\\Kernel->bootstrap()
#15 Command line code(1): Illuminate\\Foundation\\Console\\Kernel->handle(Object(Symfony\\Component\\Console\\Input\\ArgvInput), Object(Symfony\\Component\\Console\\Output\\ConsoleOutput))
#16 {main}
"} 
[2021-12-11 00:19:52] local.ERROR: The "E:\xamp\htdocs\laravel\Articles-master\Modules\Tag\Providers/../Console" directory does not exist. {"exception":"[object] (Symfony\\Component\\Finder\\Exception\\DirectoryNotFoundException(code: 0): The \"E:\\xamp\\htdocs\\laravel\\Articles-master\\Modules\\Tag\\Providers/../Console\" directory does not exist. at E:\\xamp\\htdocs\\laravel\\Articles-master\\vendor\\symfony\\finder\\Finder.php:592)
[stacktrace]
#0 E:\\xamp\\htdocs\\laravel\\Articles-master\\Modules\\Tag\\Providers\\TagServiceProvider.php(118): Symfony\\Component\\Finder\\Finder->in('E:\\\\xamp\\\\htdocs\\\\...')
#1 E:\\xamp\\htdocs\\laravel\\Articles-master\\Modules\\Tag\\Providers\\TagServiceProvider.php(37): Modules\\Tag\\Providers\\TagServiceProvider->registerCommands('\\\\Modules\\\\Tag\\\\Co...')
#2 E:\\xamp\\htdocs\\laravel\\Articles-master\\vendor\\laravel\\framework\\src\\Illuminate\\Container\\BoundMethod.php(36): Modules\\Tag\\Providers\\TagServiceProvider->boot()
#3 E:\\xamp\\htdocs\\laravel\\Articles-master\\vendor\\laravel\\framework\\src\\Illuminate\\Container\\Util.php(40): Illuminate\\Container\\BoundMethod::Illuminate\\Container\\{closure}()
#4 E:\\xamp\\htdocs\\laravel\\Articles-master\\vendor\\laravel\\framework\\src\\Illuminate\\Container\\BoundMethod.php(93): Illuminate\\Container\\Util::unwrapIfClosure(Object(Closure))
#5 E:\\xamp\\htdocs\\laravel\\Articles-master\\vendor\\laravel\\framework\\src\\Illuminate\\Container\\BoundMethod.php(37): Illuminate\\Container\\BoundMethod::callBoundMethod(Object(Illuminate\\Foundation\\Application), Array, Object(Closure))
#6 E:\\xamp\\htdocs\\laravel\\Articles-master\\vendor\\laravel\\framework\\src\\Illuminate\\Container\\Container.php(653): Illuminate\\Container\\BoundMethod::call(Object(Illuminate\\Foundation\\Application), Array, Array, NULL)
#7 E:\\xamp\\htdocs\\laravel\\Articles-master\\vendor\\laravel\\framework\\src\\Illuminate\\Foundation\\Application.php(924): Illuminate\\Container\\Container->call(Array)
#8 E:\\xamp\\htdocs\\laravel\\Articles-master\\vendor\\laravel\\framework\\src\\Illuminate\\Foundation\\Application.php(905): Illuminate\\Foundation\\Application->bootProvider(Object(Modules\\Tag\\Providers\\TagServiceProvider))
#9 [internal function]: Illuminate\\Foundation\\Application->Illuminate\\Foundation\\{closure}(Object(Modules\\Tag\\Providers\\TagServiceProvider), 59)
#10 E:\\xamp\\htdocs\\laravel\\Articles-master\\vendor\\laravel\\framework\\src\\Illuminate\\Foundation\\Application.php(906): array_walk(Array, Object(Closure))
#11 E:\\xamp\\htdocs\\laravel\\Articles-master\\vendor\\laravel\\framework\\src\\Illuminate\\Foundation\\Bootstrap\\BootProviders.php(17): Illuminate\\Foundation\\Application->boot()
#12 E:\\xamp\\htdocs\\laravel\\Articles-master\\vendor\\laravel\\framework\\src\\Illuminate\\Foundation\\Application.php(237): Illuminate\\Foundation\\Bootstrap\\BootProviders->bootstrap(Object(Illuminate\\Foundation\\Application))
#13 E:\\xamp\\htdocs\\laravel\\Articles-master\\vendor\\laravel\\framework\\src\\Illuminate\\Foundation\\Console\\Kernel.php(310): Illuminate\\Foundation\\Application->bootstrapWith(Array)
#14 E:\\xamp\\htdocs\\laravel\\Articles-master\\vendor\\laravel\\framework\\src\\Illuminate\\Foundation\\Console\\Kernel.php(127): Illuminate\\Foundation\\Console\\Kernel->bootstrap()
#15 Command line code(1): Illuminate\\Foundation\\Console\\Kernel->handle(Object(Symfony\\Component\\Console\\Input\\ArgvInput), Object(Symfony\\Component\\Console\\Output\\ConsoleOutput))
#16 {main}
"} 
[2021-12-11 00:19:52] local.ERROR: The "E:\xamp\htdocs\laravel\Articles-master\Modules\Tag\Providers/../Console" directory does not exist. {"exception":"[object] (Symfony\\Component\\Finder\\Exception\\DirectoryNotFoundException(code: 0): The \"E:\\xamp\\htdocs\\laravel\\Articles-master\\Modules\\Tag\\Providers/../Console\" directory does not exist. at E:\\xamp\\htdocs\\laravel\\Articles-master\\vendor\\symfony\\finder\\Finder.php:592)
[stacktrace]
#0 E:\\xamp\\htdocs\\laravel\\Articles-master\\Modules\\Tag\\Providers\\TagServiceProvider.php(118): Symfony\\Component\\Finder\\Finder->in('E:\\\\xamp\\\\htdocs\\\\...')
#1 E:\\xamp\\htdocs\\laravel\\Articles-master\\Modules\\Tag\\Providers\\TagServiceProvider.php(37): Modules\\Tag\\Providers\\TagServiceProvider->registerCommands('\\\\Modules\\\\Tag\\\\Co...')
#2 E:\\xamp\\htdocs\\laravel\\Articles-master\\vendor\\laravel\\framework\\src\\Illuminate\\Container\\BoundMethod.php(36): Modules\\Tag\\Providers\\TagServiceProvider->boot()
#3 E:\\xamp\\htdocs\\laravel\\Articles-master\\vendor\\laravel\\framework\\src\\Illuminate\\Container\\Util.php(40): Illuminate\\Container\\BoundMethod::Illuminate\\Container\\{closure}()
#4 E:\\xamp\\htdocs\\laravel\\Articles-master\\vendor\\laravel\\framework\\src\\Illuminate\\Container\\BoundMethod.php(93): Illuminate\\Container\\Util::unwrapIfClosure(Object(Closure))
#5 E:\\xamp\\htdocs\\laravel\\Articles-master\\vendor\\laravel\\framework\\src\\Illuminate\\Container\\BoundMethod.php(37): Illuminate\\Container\\BoundMethod::callBoundMethod(Object(Illuminate\\Foundation\\Application), Array, Object(Closure))
#6 E:\\xamp\\htdocs\\laravel\\Articles-master\\vendor\\laravel\\framework\\src\\Illuminate\\Container\\Container.php(653): Illuminate\\Container\\BoundMethod::call(Object(Illuminate\\Foundation\\Application), Array, Array, NULL)
#7 E:\\xamp\\htdocs\\laravel\\Articles-master\\vendor\\laravel\\framework\\src\\Illuminate\\Foundation\\Application.php(924): Illuminate\\Container\\Container->call(Array)
#8 E:\\xamp\\htdocs\\laravel\\Articles-master\\vendor\\laravel\\framework\\src\\Illuminate\\Foundation\\Application.php(905): Illuminate\\Foundation\\Application->bootProvider(Object(Modules\\Tag\\Providers\\TagServiceProvider))
#9 [internal function]: Illuminate\\Foundation\\Application->Illuminate\\Foundation\\{closure}(Object(Modules\\Tag\\Providers\\TagServiceProvider), 59)
#10 E:\\xamp\\htdocs\\laravel\\Articles-master\\vendor\\laravel\\framework\\src\\Illuminate\\Foundation\\Application.php(906): array_walk(Array, Object(Closure))
#11 E:\\xamp\\htdocs\\laravel\\Articles-master\\vendor\\laravel\\framework\\src\\Illuminate\\Foundation\\Bootstrap\\BootProviders.php(17): Illuminate\\Foundation\\Application->boot()
#12 E:\\xamp\\htdocs\\laravel\\Articles-master\\vendor\\laravel\\framework\\src\\Illuminate\\Foundation\\Application.php(237): Illuminate\\Foundation\\Bootstrap\\BootProviders->bootstrap(Object(Illuminate\\Foundation\\Application))
#13 E:\\xamp\\htdocs\\laravel\\Articles-master\\vendor\\laravel\\framework\\src\\Illuminate\\Foundation\\Console\\Kernel.php(310): Illuminate\\Foundation\\Application->bootstrapWith(Array)
#14 E:\\xamp\\htdocs\\laravel\\Articles-master\\vendor\\laravel\\framework\\src\\Illuminate\\Foundation\\Console\\Kernel.php(127): Illuminate\\Foundation\\Console\\Kernel->bootstrap()
#15 Command line code(1): Illuminate\\Foundation\\Console\\Kernel->handle(Object(Symfony\\Component\\Console\\Input\\ArgvInput), Object(Symfony\\Component\\Console\\Output\\ConsoleOutput))
#16 {main}
"} 
[2021-12-11 00:19:52] local.ERROR: The "E:\xamp\htdocs\laravel\Articles-master\Modules\Tag\Providers/../Console" directory does not exist. {"exception":"[object] (Symfony\\Component\\Finder\\Exception\\DirectoryNotFoundException(code: 0): The \"E:\\xamp\\htdocs\\laravel\\Articles-master\\Modules\\Tag\\Providers/../Console\" directory does not exist. at E:\\xamp\\htdocs\\laravel\\Articles-master\\vendor\\symfony\\finder\\Finder.php:592)
[stacktrace]
#0 E:\\xamp\\htdocs\\laravel\\Articles-master\\Modules\\Tag\\Providers\\TagServiceProvider.php(118): Symfony\\Component\\Finder\\Finder->in('E:\\\\xamp\\\\htdocs\\\\...')
#1 E:\\xamp\\htdocs\\laravel\\Articles-master\\Modules\\Tag\\Providers\\TagServiceProvider.php(37): Modules\\Tag\\Providers\\TagServiceProvider->registerCommands('\\\\Modules\\\\Tag\\\\Co...')
#2 E:\\xamp\\htdocs\\laravel\\Articles-master\\vendor\\laravel\\framework\\src\\Illuminate\\Container\\BoundMethod.php(36): Modules\\Tag\\Providers\\TagServiceProvider->boot()
#3 E:\\xamp\\htdocs\\laravel\\Articles-master\\vendor\\laravel\\framework\\src\\Illuminate\\Container\\Util.php(40): Illuminate\\Container\\BoundMethod::Illuminate\\Container\\{closure}()
#4 E:\\xamp\\htdocs\\laravel\\Articles-master\\vendor\\laravel\\framework\\src\\Illuminate\\Container\\BoundMethod.php(93): Illuminate\\Container\\Util::unwrapIfClosure(Object(Closure))
#5 E:\\xamp\\htdocs\\laravel\\Articles-master\\vendor\\laravel\\framework\\src\\Illuminate\\Container\\BoundMethod.php(37): Illuminate\\Container\\BoundMethod::callBoundMethod(Object(Illuminate\\Foundation\\Application), Array, Object(Closure))
#6 E:\\xamp\\htdocs\\laravel\\Articles-master\\vendor\\laravel\\framework\\src\\Illuminate\\Container\\Container.php(653): Illuminate\\Container\\BoundMethod::call(Object(Illuminate\\Foundation\\Application), Array, Array, NULL)
#7 E:\\xamp\\htdocs\\laravel\\Articles-master\\vendor\\laravel\\framework\\src\\Illuminate\\Foundation\\Application.php(924): Illuminate\\Container\\Container->call(Array)
#8 E:\\xamp\\htdocs\\laravel\\Articles-master\\vendor\\laravel\\framework\\src\\Illuminate\\Foundation\\Application.php(905): Illuminate\\Foundation\\Application->bootProvider(Object(Modules\\Tag\\Providers\\TagServiceProvider))
#9 [internal function]: Illuminate\\Foundation\\Application->Illuminate\\Foundation\\{closure}(Object(Modules\\Tag\\Providers\\TagServiceProvider), 59)
#10 E:\\xamp\\htdocs\\laravel\\Articles-master\\vendor\\laravel\\framework\\src\\Illuminate\\Foundation\\Application.php(906): array_walk(Array, Object(Closure))
#11 E:\\xamp\\htdocs\\laravel\\Articles-master\\vendor\\laravel\\framework\\src\\Illuminate\\Foundation\\Bootstrap\\BootProviders.php(17): Illuminate\\Foundation\\Application->boot()
#12 E:\\xamp\\htdocs\\laravel\\Articles-master\\vendor\\laravel\\framework\\src\\Illuminate\\Foundation\\Application.php(237): Illuminate\\Foundation\\Bootstrap\\BootProviders->bootstrap(Object(Illuminate\\Foundation\\Application))
#13 E:\\xamp\\htdocs\\laravel\\Articles-master\\vendor\\laravel\\framework\\src\\Illuminate\\Foundation\\Console\\Kernel.php(310): Illuminate\\Foundation\\Application->bootstrapWith(Array)
#14 E:\\xamp\\htdocs\\laravel\\Articles-master\\vendor\\laravel\\framework\\src\\Illuminate\\Foundation\\Console\\Kernel.php(127): Illuminate\\Foundation\\Console\\Kernel->bootstrap()
#15 Command line code(1): Illuminate\\Foundation\\Console\\Kernel->handle(Object(Symfony\\Component\\Console\\Input\\ArgvInput), Object(Symfony\\Component\\Console\\Output\\ConsoleOutput))
#16 {main}
"} 
[2021-12-11 00:19:52] local.ERROR: The "E:\xamp\htdocs\laravel\Articles-master\Modules\Tag\Providers/../Console" directory does not exist. {"exception":"[object] (Symfony\\Component\\Finder\\Exception\\DirectoryNotFoundException(code: 0): The \"E:\\xamp\\htdocs\\laravel\\Articles-master\\Modules\\Tag\\Providers/../Console\" directory does not exist. at E:\\xamp\\htdocs\\laravel\\Articles-master\\vendor\\symfony\\finder\\Finder.php:592)
[stacktrace]
#0 E:\\xamp\\htdocs\\laravel\\Articles-master\\Modules\\Tag\\Providers\\TagServiceProvider.php(118): Symfony\\Component\\Finder\\Finder->in('E:\\\\xamp\\\\htdocs\\\\...')
#1 E:\\xamp\\htdocs\\laravel\\Articles-master\\Modules\\Tag\\Providers\\TagServiceProvider.php(37): Modules\\Tag\\Providers\\TagServiceProvider->registerCommands('\\\\Modules\\\\Tag\\\\Co...')
#2 E:\\xamp\\htdocs\\laravel\\Articles-master\\vendor\\laravel\\framework\\src\\Illuminate\\Container\\BoundMethod.php(36): Modules\\Tag\\Providers\\TagServiceProvider->boot()
#3 E:\\xamp\\htdocs\\laravel\\Articles-master\\vendor\\laravel\\framework\\src\\Illuminate\\Container\\Util.php(40): Illuminate\\Container\\BoundMethod::Illuminate\\Container\\{closure}()
#4 E:\\xamp\\htdocs\\laravel\\Articles-master\\vendor\\laravel\\framework\\src\\Illuminate\\Container\\BoundMethod.php(93): Illuminate\\Container\\Util::unwrapIfClosure(Object(Closure))
#5 E:\\xamp\\htdocs\\laravel\\Articles-master\\vendor\\laravel\\framework\\src\\Illuminate\\Container\\BoundMethod.php(37): Illuminate\\Container\\BoundMethod::callBoundMethod(Object(Illuminate\\Foundation\\Application), Array, Object(Closure))
#6 E:\\xamp\\htdocs\\laravel\\Articles-master\\vendor\\laravel\\framework\\src\\Illuminate\\Container\\Container.php(653): Illuminate\\Container\\BoundMethod::call(Object(Illuminate\\Foundation\\Application), Array, Array, NULL)
#7 E:\\xamp\\htdocs\\laravel\\Articles-master\\vendor\\laravel\\framework\\src\\Illuminate\\Foundation\\Application.php(924): Illuminate\\Container\\Container->call(Array)
#8 E:\\xamp\\htdocs\\laravel\\Articles-master\\vendor\\laravel\\framework\\src\\Illuminate\\Foundation\\Application.php(905): Illuminate\\Foundation\\Application->bootProvider(Object(Modules\\Tag\\Providers\\TagServiceProvider))
#9 [internal function]: Illuminate\\Foundation\\Application->Illuminate\\Foundation\\{closure}(Object(Modules\\Tag\\Providers\\TagServiceProvider), 59)
#10 E:\\xamp\\htdocs\\laravel\\Articles-master\\vendor\\laravel\\framework\\src\\Illuminate\\Foundation\\Application.php(906): array_walk(Array, Object(Closure))
#11 E:\\xamp\\htdocs\\laravel\\Articles-master\\vendor\\laravel\\framework\\src\\Illuminate\\Foundation\\Bootstrap\\BootProviders.php(17): Illuminate\\Foundation\\Application->boot()
#12 E:\\xamp\\htdocs\\laravel\\Articles-master\\vendor\\laravel\\framework\\src\\Illuminate\\Foundation\\Application.php(237): Illuminate\\Foundation\\Bootstrap\\BootProviders->bootstrap(Object(Illuminate\\Foundation\\Application))
#13 E:\\xamp\\htdocs\\laravel\\Articles-master\\vendor\\laravel\\framework\\src\\Illuminate\\Foundation\\Console\\Kernel.php(310): Illuminate\\Foundation\\Application->bootstrapWith(Array)
#14 E:\\xamp\\htdocs\\laravel\\Articles-master\\vendor\\laravel\\framework\\src\\Illuminate\\Foundation\\Console\\Kernel.php(127): Illuminate\\Foundation\\Console\\Kernel->bootstrap()
#15 Command line code(1): Illuminate\\Foundation\\Console\\Kernel->handle(Object(Symfony\\Component\\Console\\Input\\ArgvInput), Object(Symfony\\Component\\Console\\Output\\ConsoleOutput))
#16 {main}
"} 
[2021-12-11 00:19:53] local.ERROR: The "E:\xamp\htdocs\laravel\Articles-master\Modules\Tag\Providers/../Console" directory does not exist. {"exception":"[object] (Symfony\\Component\\Finder\\Exception\\DirectoryNotFoundException(code: 0): The \"E:\\xamp\\htdocs\\laravel\\Articles-master\\Modules\\Tag\\Providers/../Console\" directory does not exist. at E:\\xamp\\htdocs\\laravel\\Articles-master\\vendor\\symfony\\finder\\Finder.php:592)
[stacktrace]
#0 E:\\xamp\\htdocs\\laravel\\Articles-master\\Modules\\Tag\\Providers\\TagServiceProvider.php(118): Symfony\\Component\\Finder\\Finder->in('E:\\\\xamp\\\\htdocs\\\\...')
#1 E:\\xamp\\htdocs\\laravel\\Articles-master\\Modules\\Tag\\Providers\\TagServiceProvider.php(37): Modules\\Tag\\Providers\\TagServiceProvider->registerCommands('\\\\Modules\\\\Tag\\\\Co...')
#2 E:\\xamp\\htdocs\\laravel\\Articles-master\\vendor\\laravel\\framework\\src\\Illuminate\\Container\\BoundMethod.php(36): Modules\\Tag\\Providers\\TagServiceProvider->boot()
#3 E:\\xamp\\htdocs\\laravel\\Articles-master\\vendor\\laravel\\framework\\src\\Illuminate\\Container\\Util.php(40): Illuminate\\Container\\BoundMethod::Illuminate\\Container\\{closure}()
#4 E:\\xamp\\htdocs\\laravel\\Articles-master\\vendor\\laravel\\framework\\src\\Illuminate\\Container\\BoundMethod.php(93): Illuminate\\Container\\Util::unwrapIfClosure(Object(Closure))
#5 E:\\xamp\\htdocs\\laravel\\Articles-master\\vendor\\laravel\\framework\\src\\Illuminate\\Container\\BoundMethod.php(37): Illuminate\\Container\\BoundMethod::callBoundMethod(Object(Illuminate\\Foundation\\Application), Array, Object(Closure))
#6 E:\\xamp\\htdocs\\laravel\\Articles-master\\vendor\\laravel\\framework\\src\\Illuminate\\Container\\Container.php(653): Illuminate\\Container\\BoundMethod::call(Object(Illuminate\\Foundation\\Application), Array, Array, NULL)
#7 E:\\xamp\\htdocs\\laravel\\Articles-master\\vendor\\laravel\\framework\\src\\Illuminate\\Foundation\\Application.php(924): Illuminate\\Container\\Container->call(Array)
#8 E:\\xamp\\htdocs\\laravel\\Articles-master\\vendor\\laravel\\framework\\src\\Illuminate\\Foundation\\Application.php(905): Illuminate\\Foundation\\Application->bootProvider(Object(Modules\\Tag\\Providers\\TagServiceProvider))
#9 [internal function]: Illuminate\\Foundation\\Application->Illuminate\\Foundation\\{closure}(Object(Modules\\Tag\\Providers\\TagServiceProvider), 59)
#10 E:\\xamp\\htdocs\\laravel\\Articles-master\\vendor\\laravel\\framework\\src\\Illuminate\\Foundation\\Application.php(906): array_walk(Array, Object(Closure))
#11 E:\\xamp\\htdocs\\laravel\\Articles-master\\vendor\\laravel\\framework\\src\\Illuminate\\Foundation\\Bootstrap\\BootProviders.php(17): Illuminate\\Foundation\\Application->boot()
#12 E:\\xamp\\htdocs\\laravel\\Articles-master\\vendor\\laravel\\framework\\src\\Illuminate\\Foundation\\Application.php(237): Illuminate\\Foundation\\Bootstrap\\BootProviders->bootstrap(Object(Illuminate\\Foundation\\Application))
#13 E:\\xamp\\htdocs\\laravel\\Articles-master\\vendor\\laravel\\framework\\src\\Illuminate\\Foundation\\Console\\Kernel.php(310): Illuminate\\Foundation\\Application->bootstrapWith(Array)
#14 E:\\xamp\\htdocs\\laravel\\Articles-master\\vendor\\laravel\\framework\\src\\Illuminate\\Foundation\\Console\\Kernel.php(127): Illuminate\\Foundation\\Console\\Kernel->bootstrap()
#15 Command line code(1): Illuminate\\Foundation\\Console\\Kernel->handle(Object(Symfony\\Component\\Console\\Input\\ArgvInput), Object(Symfony\\Component\\Console\\Output\\ConsoleOutput))
#16 {main}
"} 
[2021-12-11 00:19:53] local.ERROR: The "E:\xamp\htdocs\laravel\Articles-master\Modules\Tag\Providers/../Console" directory does not exist. {"exception":"[object] (Symfony\\Component\\Finder\\Exception\\DirectoryNotFoundException(code: 0): The \"E:\\xamp\\htdocs\\laravel\\Articles-master\\Modules\\Tag\\Providers/../Console\" directory does not exist. at E:\\xamp\\htdocs\\laravel\\Articles-master\\vendor\\symfony\\finder\\Finder.php:592)
[stacktrace]
#0 E:\\xamp\\htdocs\\laravel\\Articles-master\\Modules\\Tag\\Providers\\TagServiceProvider.php(118): Symfony\\Component\\Finder\\Finder->in('E:\\\\xamp\\\\htdocs\\\\...')
#1 E:\\xamp\\htdocs\\laravel\\Articles-master\\Modules\\Tag\\Providers\\TagServiceProvider.php(37): Modules\\Tag\\Providers\\TagServiceProvider->registerCommands('\\\\Modules\\\\Tag\\\\Co...')
#2 E:\\xamp\\htdocs\\laravel\\Articles-master\\vendor\\laravel\\framework\\src\\Illuminate\\Container\\BoundMethod.php(36): Modules\\Tag\\Providers\\TagServiceProvider->boot()
#3 E:\\xamp\\htdocs\\laravel\\Articles-master\\vendor\\laravel\\framework\\src\\Illuminate\\Container\\Util.php(40): Illuminate\\Container\\BoundMethod::Illuminate\\Container\\{closure}()
#4 E:\\xamp\\htdocs\\laravel\\Articles-master\\vendor\\laravel\\framework\\src\\Illuminate\\Container\\BoundMethod.php(93): Illuminate\\Container\\Util::unwrapIfClosure(Object(Closure))
#5 E:\\xamp\\htdocs\\laravel\\Articles-master\\vendor\\laravel\\framework\\src\\Illuminate\\Container\\BoundMethod.php(37): Illuminate\\Container\\BoundMethod::callBoundMethod(Object(Illuminate\\Foundation\\Application), Array, Object(Closure))
#6 E:\\xamp\\htdocs\\laravel\\Articles-master\\vendor\\laravel\\framework\\src\\Illuminate\\Container\\Container.php(653): Illuminate\\Container\\BoundMethod::call(Object(Illuminate\\Foundation\\Application), Array, Array, NULL)
#7 E:\\xamp\\htdocs\\laravel\\Articles-master\\vendor\\laravel\\framework\\src\\Illuminate\\Foundation\\Application.php(924): Illuminate\\Container\\Container->call(Array)
#8 E:\\xamp\\htdocs\\laravel\\Articles-master\\vendor\\laravel\\framework\\src\\Illuminate\\Foundation\\Application.php(905): Illuminate\\Foundation\\Application->bootProvider(Object(Modules\\Tag\\Providers\\TagServiceProvider))
#9 [internal function]: Illuminate\\Foundation\\Application->Illuminate\\Foundation\\{closure}(Object(Modules\\Tag\\Providers\\TagServiceProvider), 59)
#10 E:\\xamp\\htdocs\\laravel\\Articles-master\\vendor\\laravel\\framework\\src\\Illuminate\\Foundation\\Application.php(906): array_walk(Array, Object(Closure))
#11 E:\\xamp\\htdocs\\laravel\\Articles-master\\vendor\\laravel\\framework\\src\\Illuminate\\Foundation\\Bootstrap\\BootProviders.php(17): Illuminate\\Foundation\\Application->boot()
#12 E:\\xamp\\htdocs\\laravel\\Articles-master\\vendor\\laravel\\framework\\src\\Illuminate\\Foundation\\Application.php(237): Illuminate\\Foundation\\Bootstrap\\BootProviders->bootstrap(Object(Illuminate\\Foundation\\Application))
#13 E:\\xamp\\htdocs\\laravel\\Articles-master\\vendor\\laravel\\framework\\src\\Illuminate\\Foundation\\Console\\Kernel.php(310): Illuminate\\Foundation\\Application->bootstrapWith(Array)
#14 E:\\xamp\\htdocs\\laravel\\Articles-master\\vendor\\laravel\\framework\\src\\Illuminate\\Foundation\\Console\\Kernel.php(127): Illuminate\\Foundation\\Console\\Kernel->bootstrap()
#15 Command line code(1): Illuminate\\Foundation\\Console\\Kernel->handle(Object(Symfony\\Component\\Console\\Input\\ArgvInput), Object(Symfony\\Component\\Console\\Output\\ConsoleOutput))
#16 {main}
"} 
[2021-12-11 00:19:53] local.ERROR: Uncaught ReflectionException: Class "Tymon\JWTAuth\Middleware\GetUserFromToken" does not exist in Command line code:1
Stack trace:
#0 Command line code(1): ReflectionMethod->__construct('Tymon\\JWTAuth\\M...', 'handle')
#1 {main}
  thrown {"exception":"[object] (Symfony\\Component\\ErrorHandler\\Error\\FatalError(code: 0): Uncaught ReflectionException: Class \"Tymon\\JWTAuth\\Middleware\\GetUserFromToken\" does not exist in Command line code:1
Stack trace:
#0 Command line code(1): ReflectionMethod->__construct('Tymon\\\\JWTAuth\\\\M...', 'handle')
#1 {main}
  thrown at Command line code:1)
[stacktrace]
#0 {main}
"} 
[2021-12-11 00:19:54] local.ERROR: The "E:\xamp\htdocs\laravel\Articles-master\Modules\Tag\Providers/../Console" directory does not exist. {"exception":"[object] (Symfony\\Component\\Finder\\Exception\\DirectoryNotFoundException(code: 0): The \"E:\\xamp\\htdocs\\laravel\\Articles-master\\Modules\\Tag\\Providers/../Console\" directory does not exist. at E:\\xamp\\htdocs\\laravel\\Articles-master\\vendor\\symfony\\finder\\Finder.php:592)
[stacktrace]
#0 E:\\xamp\\htdocs\\laravel\\Articles-master\\Modules\\Tag\\Providers\\TagServiceProvider.php(118): Symfony\\Component\\Finder\\Finder->in('E:\\\\xamp\\\\htdocs\\\\...')
#1 E:\\xamp\\htdocs\\laravel\\Articles-master\\Modules\\Tag\\Providers\\TagServiceProvider.php(37): Modules\\Tag\\Providers\\TagServiceProvider->registerCommands('\\\\Modules\\\\Tag\\\\Co...')
#2 E:\\xamp\\htdocs\\laravel\\Articles-master\\vendor\\laravel\\framework\\src\\Illuminate\\Container\\BoundMethod.php(36): Modules\\Tag\\Providers\\TagServiceProvider->boot()
#3 E:\\xamp\\htdocs\\laravel\\Articles-master\\vendor\\laravel\\framework\\src\\Illuminate\\Container\\Util.php(40): Illuminate\\Container\\BoundMethod::Illuminate\\Container\\{closure}()
#4 E:\\xamp\\htdocs\\laravel\\Articles-master\\vendor\\laravel\\framework\\src\\Illuminate\\Container\\BoundMethod.php(93): Illuminate\\Container\\Util::unwrapIfClosure(Object(Closure))
#5 E:\\xamp\\htdocs\\laravel\\Articles-master\\vendor\\laravel\\framework\\src\\Illuminate\\Container\\BoundMethod.php(37): Illuminate\\Container\\BoundMethod::callBoundMethod(Object(Illuminate\\Foundation\\Application), Array, Object(Closure))
#6 E:\\xamp\\htdocs\\laravel\\Articles-master\\vendor\\laravel\\framework\\src\\Illuminate\\Container\\Container.php(653): Illuminate\\Container\\BoundMethod::call(Object(Illuminate\\Foundation\\Application), Array, Array, NULL)
#7 E:\\xamp\\htdocs\\laravel\\Articles-master\\vendor\\laravel\\framework\\src\\Illuminate\\Foundation\\Application.php(924): Illuminate\\Container\\Container->call(Array)
#8 E:\\xamp\\htdocs\\laravel\\Articles-master\\vendor\\laravel\\framework\\src\\Illuminate\\Foundation\\Application.php(905): Illuminate\\Foundation\\Application->bootProvider(Object(Modules\\Tag\\Providers\\TagServiceProvider))
#9 [internal function]: Illuminate\\Foundation\\Application->Illuminate\\Foundation\\{closure}(Object(Modules\\Tag\\Providers\\TagServiceProvider), 59)
#10 E:\\xamp\\htdocs\\laravel\\Articles-master\\vendor\\laravel\\framework\\src\\Illuminate\\Foundation\\Application.php(906): array_walk(Array, Object(Closure))
#11 E:\\xamp\\htdocs\\laravel\\Articles-master\\vendor\\laravel\\framework\\src\\Illuminate\\Foundation\\Bootstrap\\BootProviders.php(17): Illuminate\\Foundation\\Application->boot()
#12 E:\\xamp\\htdocs\\laravel\\Articles-master\\vendor\\laravel\\framework\\src\\Illuminate\\Foundation\\Application.php(237): Illuminate\\Foundation\\Bootstrap\\BootProviders->bootstrap(Object(Illuminate\\Foundation\\Application))
#13 E:\\xamp\\htdocs\\laravel\\Articles-master\\vendor\\laravel\\framework\\src\\Illuminate\\Foundation\\Console\\Kernel.php(310): Illuminate\\Foundation\\Application->bootstrapWith(Array)
#14 E:\\xamp\\htdocs\\laravel\\Articles-master\\vendor\\laravel\\framework\\src\\Illuminate\\Foundation\\Console\\Kernel.php(127): Illuminate\\Foundation\\Console\\Kernel->bootstrap()
#15 Command line code(1): Illuminate\\Foundation\\Console\\Kernel->handle(Object(Symfony\\Component\\Console\\Input\\ArgvInput), Object(Symfony\\Component\\Console\\Output\\ConsoleOutput))
#16 {main}
"} 
[2021-12-11 00:19:54] local.ERROR: The "E:\xamp\htdocs\laravel\Articles-master\Modules\Tag\Providers/../Console" directory does not exist. {"exception":"[object] (Symfony\\Component\\Finder\\Exception\\DirectoryNotFoundException(code: 0): The \"E:\\xamp\\htdocs\\laravel\\Articles-master\\Modules\\Tag\\Providers/../Console\" directory does not exist. at E:\\xamp\\htdocs\\laravel\\Articles-master\\vendor\\symfony\\finder\\Finder.php:592)
[stacktrace]
#0 E:\\xamp\\htdocs\\laravel\\Articles-master\\Modules\\Tag\\Providers\\TagServiceProvider.php(118): Symfony\\Component\\Finder\\Finder->in('E:\\\\xamp\\\\htdocs\\\\...')
#1 E:\\xamp\\htdocs\\laravel\\Articles-master\\Modules\\Tag\\Providers\\TagServiceProvider.php(37): Modules\\Tag\\Providers\\TagServiceProvider->registerCommands('\\\\Modules\\\\Tag\\\\Co...')
#2 E:\\xamp\\htdocs\\laravel\\Articles-master\\vendor\\laravel\\framework\\src\\Illuminate\\Container\\BoundMethod.php(36): Modules\\Tag\\Providers\\TagServiceProvider->boot()
#3 E:\\xamp\\htdocs\\laravel\\Articles-master\\vendor\\laravel\\framework\\src\\Illuminate\\Container\\Util.php(40): Illuminate\\Container\\BoundMethod::Illuminate\\Container\\{closure}()
#4 E:\\xamp\\htdocs\\laravel\\Articles-master\\vendor\\laravel\\framework\\src\\Illuminate\\Container\\BoundMethod.php(93): Illuminate\\Container\\Util::unwrapIfClosure(Object(Closure))
#5 E:\\xamp\\htdocs\\laravel\\Articles-master\\vendor\\laravel\\framework\\src\\Illuminate\\Container\\BoundMethod.php(37): Illuminate\\Container\\BoundMethod::callBoundMethod(Object(Illuminate\\Foundation\\Application), Array, Object(Closure))
#6 E:\\xamp\\htdocs\\laravel\\Articles-master\\vendor\\laravel\\framework\\src\\Illuminate\\Container\\Container.php(653): Illuminate\\Container\\BoundMethod::call(Object(Illuminate\\Foundation\\Application), Array, Array, NULL)
#7 E:\\xamp\\htdocs\\laravel\\Articles-master\\vendor\\laravel\\framework\\src\\Illuminate\\Foundation\\Application.php(924): Illuminate\\Container\\Container->call(Array)
#8 E:\\xamp\\htdocs\\laravel\\Articles-master\\vendor\\laravel\\framework\\src\\Illuminate\\Foundation\\Application.php(905): Illuminate\\Foundation\\Application->bootProvider(Object(Modules\\Tag\\Providers\\TagServiceProvider))
#9 [internal function]: Illuminate\\Foundation\\Application->Illuminate\\Foundation\\{closure}(Object(Modules\\Tag\\Providers\\TagServiceProvider), 59)
#10 E:\\xamp\\htdocs\\laravel\\Articles-master\\vendor\\laravel\\framework\\src\\Illuminate\\Foundation\\Application.php(906): array_walk(Array, Object(Closure))
#11 E:\\xamp\\htdocs\\laravel\\Articles-master\\vendor\\laravel\\framework\\src\\Illuminate\\Foundation\\Bootstrap\\BootProviders.php(17): Illuminate\\Foundation\\Application->boot()
#12 E:\\xamp\\htdocs\\laravel\\Articles-master\\vendor\\laravel\\framework\\src\\Illuminate\\Foundation\\Application.php(237): Illuminate\\Foundation\\Bootstrap\\BootProviders->bootstrap(Object(Illuminate\\Foundation\\Application))
#13 E:\\xamp\\htdocs\\laravel\\Articles-master\\vendor\\laravel\\framework\\src\\Illuminate\\Foundation\\Console\\Kernel.php(310): Illuminate\\Foundation\\Application->bootstrapWith(Array)
#14 E:\\xamp\\htdocs\\laravel\\Articles-master\\vendor\\laravel\\framework\\src\\Illuminate\\Foundation\\Console\\Kernel.php(127): Illuminate\\Foundation\\Console\\Kernel->bootstrap()
#15 Command line code(1): Illuminate\\Foundation\\Console\\Kernel->handle(Object(Symfony\\Component\\Console\\Input\\ArgvInput), Object(Symfony\\Component\\Console\\Output\\ConsoleOutput))
#16 {main}
"} 
[2021-12-11 00:19:55] local.ERROR: The "E:\xamp\htdocs\laravel\Articles-master\Modules\Tag\Providers/../Console" directory does not exist. {"exception":"[object] (Symfony\\Component\\Finder\\Exception\\DirectoryNotFoundException(code: 0): The \"E:\\xamp\\htdocs\\laravel\\Articles-master\\Modules\\Tag\\Providers/../Console\" directory does not exist. at E:\\xamp\\htdocs\\laravel\\Articles-master\\vendor\\symfony\\finder\\Finder.php:592)
[stacktrace]
#0 E:\\xamp\\htdocs\\laravel\\Articles-master\\Modules\\Tag\\Providers\\TagServiceProvider.php(118): Symfony\\Component\\Finder\\Finder->in('E:\\\\xamp\\\\htdocs\\\\...')
#1 E:\\xamp\\htdocs\\laravel\\Articles-master\\Modules\\Tag\\Providers\\TagServiceProvider.php(37): Modules\\Tag\\Providers\\TagServiceProvider->registerCommands('\\\\Modules\\\\Tag\\\\Co...')
#2 E:\\xamp\\htdocs\\laravel\\Articles-master\\vendor\\laravel\\framework\\src\\Illuminate\\Container\\BoundMethod.php(36): Modules\\Tag\\Providers\\TagServiceProvider->boot()
#3 E:\\xamp\\htdocs\\laravel\\Articles-master\\vendor\\laravel\\framework\\src\\Illuminate\\Container\\Util.php(40): Illuminate\\Container\\BoundMethod::Illuminate\\Container\\{closure}()
#4 E:\\xamp\\htdocs\\laravel\\Articles-master\\vendor\\laravel\\framework\\src\\Illuminate\\Container\\BoundMethod.php(93): Illuminate\\Container\\Util::unwrapIfClosure(Object(Closure))
#5 E:\\xamp\\htdocs\\laravel\\Articles-master\\vendor\\laravel\\framework\\src\\Illuminate\\Container\\BoundMethod.php(37): Illuminate\\Container\\BoundMethod::callBoundMethod(Object(Illuminate\\Foundation\\Application), Array, Object(Closure))
#6 E:\\xamp\\htdocs\\laravel\\Articles-master\\vendor\\laravel\\framework\\src\\Illuminate\\Container\\Container.php(653): Illuminate\\Container\\BoundMethod::call(Object(Illuminate\\Foundation\\Application), Array, Array, NULL)
#7 E:\\xamp\\htdocs\\laravel\\Articles-master\\vendor\\laravel\\framework\\src\\Illuminate\\Foundation\\Application.php(924): Illuminate\\Container\\Container->call(Array)
#8 E:\\xamp\\htdocs\\laravel\\Articles-master\\vendor\\laravel\\framework\\src\\Illuminate\\Foundation\\Application.php(905): Illuminate\\Foundation\\Application->bootProvider(Object(Modules\\Tag\\Providers\\TagServiceProvider))
#9 [internal function]: Illuminate\\Foundation\\Application->Illuminate\\Foundation\\{closure}(Object(Modules\\Tag\\Providers\\TagServiceProvider), 59)
#10 E:\\xamp\\htdocs\\laravel\\Articles-master\\vendor\\laravel\\framework\\src\\Illuminate\\Foundation\\Application.php(906): array_walk(Array, Object(Closure))
#11 E:\\xamp\\htdocs\\laravel\\Articles-master\\vendor\\laravel\\framework\\src\\Illuminate\\Foundation\\Bootstrap\\BootProviders.php(17): Illuminate\\Foundation\\Application->boot()
#12 E:\\xamp\\htdocs\\laravel\\Articles-master\\vendor\\laravel\\framework\\src\\Illuminate\\Foundation\\Application.php(237): Illuminate\\Foundation\\Bootstrap\\BootProviders->bootstrap(Object(Illuminate\\Foundation\\Application))
#13 E:\\xamp\\htdocs\\laravel\\Articles-master\\vendor\\laravel\\framework\\src\\Illuminate\\Foundation\\Console\\Kernel.php(310): Illuminate\\Foundation\\Application->bootstrapWith(Array)
#14 E:\\xamp\\htdocs\\laravel\\Articles-master\\vendor\\laravel\\framework\\src\\Illuminate\\Foundation\\Console\\Kernel.php(127): Illuminate\\Foundation\\Console\\Kernel->bootstrap()
#15 Command line code(1): Illuminate\\Foundation\\Console\\Kernel->handle(Object(Symfony\\Component\\Console\\Input\\ArgvInput), Object(Symfony\\Component\\Console\\Output\\ConsoleOutput))
#16 {main}
"} 
[2021-12-11 00:19:55] local.ERROR: The "E:\xamp\htdocs\laravel\Articles-master\Modules\Tag\Providers/../Console" directory does not exist. {"exception":"[object] (Symfony\\Component\\Finder\\Exception\\DirectoryNotFoundException(code: 0): The \"E:\\xamp\\htdocs\\laravel\\Articles-master\\Modules\\Tag\\Providers/../Console\" directory does not exist. at E:\\xamp\\htdocs\\laravel\\Articles-master\\vendor\\symfony\\finder\\Finder.php:592)
[stacktrace]
#0 E:\\xamp\\htdocs\\laravel\\Articles-master\\Modules\\Tag\\Providers\\TagServiceProvider.php(118): Symfony\\Component\\Finder\\Finder->in('E:\\\\xamp\\\\htdocs\\\\...')
#1 E:\\xamp\\htdocs\\laravel\\Articles-master\\Modules\\Tag\\Providers\\TagServiceProvider.php(37): Modules\\Tag\\Providers\\TagServiceProvider->registerCommands('\\\\Modules\\\\Tag\\\\Co...')
#2 E:\\xamp\\htdocs\\laravel\\Articles-master\\vendor\\laravel\\framework\\src\\Illuminate\\Container\\BoundMethod.php(36): Modules\\Tag\\Providers\\TagServiceProvider->boot()
#3 E:\\xamp\\htdocs\\laravel\\Articles-master\\vendor\\laravel\\framework\\src\\Illuminate\\Container\\Util.php(40): Illuminate\\Container\\BoundMethod::Illuminate\\Container\\{closure}()
#4 E:\\xamp\\htdocs\\laravel\\Articles-master\\vendor\\laravel\\framework\\src\\Illuminate\\Container\\BoundMethod.php(93): Illuminate\\Container\\Util::unwrapIfClosure(Object(Closure))
#5 E:\\xamp\\htdocs\\laravel\\Articles-master\\vendor\\laravel\\framework\\src\\Illuminate\\Container\\BoundMethod.php(37): Illuminate\\Container\\BoundMethod::callBoundMethod(Object(Illuminate\\Foundation\\Application), Array, Object(Closure))
#6 E:\\xamp\\htdocs\\laravel\\Articles-master\\vendor\\laravel\\framework\\src\\Illuminate\\Container\\Container.php(653): Illuminate\\Container\\BoundMethod::call(Object(Illuminate\\Foundation\\Application), Array, Array, NULL)
#7 E:\\xamp\\htdocs\\laravel\\Articles-master\\vendor\\laravel\\framework\\src\\Illuminate\\Foundation\\Application.php(924): Illuminate\\Container\\Container->call(Array)
#8 E:\\xamp\\htdocs\\laravel\\Articles-master\\vendor\\laravel\\framework\\src\\Illuminate\\Foundation\\Application.php(905): Illuminate\\Foundation\\Application->bootProvider(Object(Modules\\Tag\\Providers\\TagServiceProvider))
#9 [internal function]: Illuminate\\Foundation\\Application->Illuminate\\Foundation\\{closure}(Object(Modules\\Tag\\Providers\\TagServiceProvider), 59)
#10 E:\\xamp\\htdocs\\laravel\\Articles-master\\vendor\\laravel\\framework\\src\\Illuminate\\Foundation\\Application.php(906): array_walk(Array, Object(Closure))
#11 E:\\xamp\\htdocs\\laravel\\Articles-master\\vendor\\laravel\\framework\\src\\Illuminate\\Foundation\\Bootstrap\\BootProviders.php(17): Illuminate\\Foundation\\Application->boot()
#12 E:\\xamp\\htdocs\\laravel\\Articles-master\\vendor\\laravel\\framework\\src\\Illuminate\\Foundation\\Application.php(237): Illuminate\\Foundation\\Bootstrap\\BootProviders->bootstrap(Object(Illuminate\\Foundation\\Application))
#13 E:\\xamp\\htdocs\\laravel\\Articles-master\\vendor\\laravel\\framework\\src\\Illuminate\\Foundation\\Console\\Kernel.php(310): Illuminate\\Foundation\\Application->bootstrapWith(Array)
#14 E:\\xamp\\htdocs\\laravel\\Articles-master\\vendor\\laravel\\framework\\src\\Illuminate\\Foundation\\Console\\Kernel.php(127): Illuminate\\Foundation\\Console\\Kernel->bootstrap()
#15 Command line code(1): Illuminate\\Foundation\\Console\\Kernel->handle(Object(Symfony\\Component\\Console\\Input\\ArgvInput), Object(Symfony\\Component\\Console\\Output\\ConsoleOutput))
#16 {main}
"} 
[2021-12-11 00:19:56] local.ERROR: The "E:\xamp\htdocs\laravel\Articles-master\Modules\Tag\Providers/../Console" directory does not exist. {"exception":"[object] (Symfony\\Component\\Finder\\Exception\\DirectoryNotFoundException(code: 0): The \"E:\\xamp\\htdocs\\laravel\\Articles-master\\Modules\\Tag\\Providers/../Console\" directory does not exist. at E:\\xamp\\htdocs\\laravel\\Articles-master\\vendor\\symfony\\finder\\Finder.php:592)
[stacktrace]
#0 E:\\xamp\\htdocs\\laravel\\Articles-master\\Modules\\Tag\\Providers\\TagServiceProvider.php(118): Symfony\\Component\\Finder\\Finder->in('E:\\\\xamp\\\\htdocs\\\\...')
#1 E:\\xamp\\htdocs\\laravel\\Articles-master\\Modules\\Tag\\Providers\\TagServiceProvider.php(37): Modules\\Tag\\Providers\\TagServiceProvider->registerCommands('\\\\Modules\\\\Tag\\\\Co...')
#2 E:\\xamp\\htdocs\\laravel\\Articles-master\\vendor\\laravel\\framework\\src\\Illuminate\\Container\\BoundMethod.php(36): Modules\\Tag\\Providers\\TagServiceProvider->boot()
#3 E:\\xamp\\htdocs\\laravel\\Articles-master\\vendor\\laravel\\framework\\src\\Illuminate\\Container\\Util.php(40): Illuminate\\Container\\BoundMethod::Illuminate\\Container\\{closure}()
#4 E:\\xamp\\htdocs\\laravel\\Articles-master\\vendor\\laravel\\framework\\src\\Illuminate\\Container\\BoundMethod.php(93): Illuminate\\Container\\Util::unwrapIfClosure(Object(Closure))
#5 E:\\xamp\\htdocs\\laravel\\Articles-master\\vendor\\laravel\\framework\\src\\Illuminate\\Container\\BoundMethod.php(37): Illuminate\\Container\\BoundMethod::callBoundMethod(Object(Illuminate\\Foundation\\Application), Array, Object(Closure))
#6 E:\\xamp\\htdocs\\laravel\\Articles-master\\vendor\\laravel\\framework\\src\\Illuminate\\Container\\Container.php(653): Illuminate\\Container\\BoundMethod::call(Object(Illuminate\\Foundation\\Application), Array, Array, NULL)
#7 E:\\xamp\\htdocs\\laravel\\Articles-master\\vendor\\laravel\\framework\\src\\Illuminate\\Foundation\\Application.php(924): Illuminate\\Container\\Container->call(Array)
#8 E:\\xamp\\htdocs\\laravel\\Articles-master\\vendor\\laravel\\framework\\src\\Illuminate\\Foundation\\Application.php(905): Illuminate\\Foundation\\Application->bootProvider(Object(Modules\\Tag\\Providers\\TagServiceProvider))
#9 [internal function]: Illuminate\\Foundation\\Application->Illuminate\\Foundation\\{closure}(Object(Modules\\Tag\\Providers\\TagServiceProvider), 59)
#10 E:\\xamp\\htdocs\\laravel\\Articles-master\\vendor\\laravel\\framework\\src\\Illuminate\\Foundation\\Application.php(906): array_walk(Array, Object(Closure))
#11 E:\\xamp\\htdocs\\laravel\\Articles-master\\vendor\\laravel\\framework\\src\\Illuminate\\Foundation\\Bootstrap\\BootProviders.php(17): Illuminate\\Foundation\\Application->boot()
#12 E:\\xamp\\htdocs\\laravel\\Articles-master\\vendor\\laravel\\framework\\src\\Illuminate\\Foundation\\Application.php(237): Illuminate\\Foundation\\Bootstrap\\BootProviders->bootstrap(Object(Illuminate\\Foundation\\Application))
#13 E:\\xamp\\htdocs\\laravel\\Articles-master\\vendor\\laravel\\framework\\src\\Illuminate\\Foundation\\Console\\Kernel.php(310): Illuminate\\Foundation\\Application->bootstrapWith(Array)
#14 E:\\xamp\\htdocs\\laravel\\Articles-master\\vendor\\laravel\\framework\\src\\Illuminate\\Foundation\\Console\\Kernel.php(127): Illuminate\\Foundation\\Console\\Kernel->bootstrap()
#15 Command line code(1): Illuminate\\Foundation\\Console\\Kernel->handle(Object(Symfony\\Component\\Console\\Input\\ArgvInput), Object(Symfony\\Component\\Console\\Output\\ConsoleOutput))
#16 {main}
"} 
[2021-12-11 00:21:13] local.ERROR: SQLSTATE[HY000] [1049] Unknown database 'test1db' (SQL: select * from information_schema.tables where table_schema = test1db and table_name = migrations and table_type = 'BASE TABLE') {"exception":"[object] (Illuminate\\Database\\QueryException(code: 1049): SQLSTATE[HY000] [1049] Unknown database 'test1db' (SQL: select * from information_schema.tables where table_schema = test1db and table_name = migrations and table_type = 'BASE TABLE') at E:\\xamp\\htdocs\\laravel\\Articles-master\\vendor\\laravel\\framework\\src\\Illuminate\\Database\\Connection.php:703)
[stacktrace]
#0 E:\\xamp\\htdocs\\laravel\\Articles-master\\vendor\\laravel\\framework\\src\\Illuminate\\Database\\Connection.php(663): Illuminate\\Database\\Connection->runQueryCallback('select * from i...', Array, Object(Closure))
#1 E:\\xamp\\htdocs\\laravel\\Articles-master\\vendor\\laravel\\framework\\src\\Illuminate\\Database\\Connection.php(367): Illuminate\\Database\\Connection->run('select * from i...', Array, Object(Closure))
#2 E:\\xamp\\htdocs\\laravel\\Articles-master\\vendor\\laravel\\framework\\src\\Illuminate\\Database\\Schema\\MySqlBuilder.php(44): Illuminate\\Database\\Connection->select('select * from i...', Array)
#3 E:\\xamp\\htdocs\\laravel\\Articles-master\\vendor\\laravel\\framework\\src\\Illuminate\\Database\\Migrations\\DatabaseMigrationRepository.php(169): Illuminate\\Database\\Schema\\MySqlBuilder->hasTable('migrations')
#4 E:\\xamp\\htdocs\\laravel\\Articles-master\\vendor\\laravel\\framework\\src\\Illuminate\\Database\\Migrations\\Migrator.php(652): Illuminate\\Database\\Migrations\\DatabaseMigrationRepository->repositoryExists()
#5 E:\\xamp\\htdocs\\laravel\\Articles-master\\vendor\\laravel\\framework\\src\\Illuminate\\Database\\Console\\Migrations\\MigrateCommand.php(106): Illuminate\\Database\\Migrations\\Migrator->repositoryExists()
#6 E:\\xamp\\htdocs\\laravel\\Articles-master\\vendor\\laravel\\framework\\src\\Illuminate\\Database\\Console\\Migrations\\MigrateCommand.php(77): Illuminate\\Database\\Console\\Migrations\\MigrateCommand->prepareDatabase()
#7 E:\\xamp\\htdocs\\laravel\\Articles-master\\vendor\\laravel\\framework\\src\\Illuminate\\Database\\Migrations\\Migrator.php(585): Illuminate\\Database\\Console\\Migrations\\MigrateCommand->Illuminate\\Database\\Console\\Migrations\\{closure}()
#8 E:\\xamp\\htdocs\\laravel\\Articles-master\\vendor\\laravel\\framework\\src\\Illuminate\\Database\\Console\\Migrations\\MigrateCommand.php(94): Illuminate\\Database\\Migrations\\Migrator->usingConnection(NULL, Object(Closure))
#9 E:\\xamp\\htdocs\\laravel\\Articles-master\\vendor\\laravel\\framework\\src\\Illuminate\\Container\\BoundMethod.php(36): Illuminate\\Database\\Console\\Migrations\\MigrateCommand->handle()
#10 E:\\xamp\\htdocs\\laravel\\Articles-master\\vendor\\laravel\\framework\\src\\Illuminate\\Container\\Util.php(40): Illuminate\\Container\\BoundMethod::Illuminate\\Container\\{closure}()
#11 E:\\xamp\\htdocs\\laravel\\Articles-master\\vendor\\laravel\\framework\\src\\Illuminate\\Container\\BoundMethod.php(93): Illuminate\\Container\\Util::unwrapIfClosure(Object(Closure))
#12 E:\\xamp\\htdocs\\laravel\\Articles-master\\vendor\\laravel\\framework\\src\\Illuminate\\Container\\BoundMethod.php(37): Illuminate\\Container\\BoundMethod::callBoundMethod(Object(Illuminate\\Foundation\\Application), Array, Object(Closure))
#13 E:\\xamp\\htdocs\\laravel\\Articles-master\\vendor\\laravel\\framework\\src\\Illuminate\\Container\\Container.php(653): Illuminate\\Container\\BoundMethod::call(Object(Illuminate\\Foundation\\Application), Array, Array, NULL)
#14 E:\\xamp\\htdocs\\laravel\\Articles-master\\vendor\\laravel\\framework\\src\\Illuminate\\Console\\Command.php(136): Illuminate\\Container\\Container->call(Array)
#15 E:\\xamp\\htdocs\\laravel\\Articles-master\\vendor\\symfony\\console\\Command\\Command.php(298): Illuminate\\Console\\Command->execute(Object(Symfony\\Component\\Console\\Input\\ArgvInput), Object(Illuminate\\Console\\OutputStyle))
#16 E:\\xamp\\htdocs\\laravel\\Articles-master\\vendor\\laravel\\framework\\src\\Illuminate\\Console\\Command.php(121): Symfony\\Component\\Console\\Command\\Command->run(Object(Symfony\\Component\\Console\\Input\\ArgvInput), Object(Illuminate\\Console\\OutputStyle))
#17 E:\\xamp\\htdocs\\laravel\\Articles-master\\vendor\\symfony\\console\\Application.php(1005): Illuminate\\Console\\Command->run(Object(Symfony\\Component\\Console\\Input\\ArgvInput), Object(Symfony\\Component\\Console\\Output\\ConsoleOutput))
#18 E:\\xamp\\htdocs\\laravel\\Articles-master\\vendor\\symfony\\console\\Application.php(299): Symfony\\Component\\Console\\Application->doRunCommand(Object(Illuminate\\Database\\Console\\Migrations\\MigrateCommand), Object(Symfony\\Component\\Console\\Input\\ArgvInput), Object(Symfony\\Component\\Console\\Output\\ConsoleOutput))
#19 E:\\xamp\\htdocs\\laravel\\Articles-master\\vendor\\symfony\\console\\Application.php(171): Symfony\\Component\\Console\\Application->doRun(Object(Symfony\\Component\\Console\\Input\\ArgvInput), Object(Symfony\\Component\\Console\\Output\\ConsoleOutput))
#20 E:\\xamp\\htdocs\\laravel\\Articles-master\\vendor\\laravel\\framework\\src\\Illuminate\\Console\\Application.php(94): Symfony\\Component\\Console\\Application->run(Object(Symfony\\Component\\Console\\Input\\ArgvInput), Object(Symfony\\Component\\Console\\Output\\ConsoleOutput))
#21 E:\\xamp\\htdocs\\laravel\\Articles-master\\vendor\\laravel\\framework\\src\\Illuminate\\Foundation\\Console\\Kernel.php(129): Illuminate\\Console\\Application->run(Object(Symfony\\Component\\Console\\Input\\ArgvInput), Object(Symfony\\Component\\Console\\Output\\ConsoleOutput))
#22 E:\\xamp\\htdocs\\laravel\\Articles-master\\artisan(37): Illuminate\\Foundation\\Console\\Kernel->handle(Object(Symfony\\Component\\Console\\Input\\ArgvInput), Object(Symfony\\Component\\Console\\Output\\ConsoleOutput))
#23 {main}

[previous exception] [object] (PDOException(code: 1049): SQLSTATE[HY000] [1049] Unknown database 'test1db' at E:\\xamp\\htdocs\\laravel\\Articles-master\\vendor\\laravel\\framework\\src\\Illuminate\\Database\\Connectors\\Connector.php:70)
[stacktrace]
#0 E:\\xamp\\htdocs\\laravel\\Articles-master\\vendor\\laravel\\framework\\src\\Illuminate\\Database\\Connectors\\Connector.php(70): PDO->__construct('mysql:host=127....', 'root', '', Array)
#1 E:\\xamp\\htdocs\\laravel\\Articles-master\\vendor\\laravel\\framework\\src\\Illuminate\\Database\\Connectors\\Connector.php(46): Illuminate\\Database\\Connectors\\Connector->createPdoConnection('mysql:host=127....', 'root', '', Array)
#2 E:\\xamp\\htdocs\\laravel\\Articles-master\\vendor\\laravel\\framework\\src\\Illuminate\\Database\\Connectors\\MySqlConnector.php(24): Illuminate\\Database\\Connectors\\Connector->createConnection('mysql:host=127....', Array, Array)
#3 E:\\xamp\\htdocs\\laravel\\Articles-master\\vendor\\laravel\\framework\\src\\Illuminate\\Database\\Connectors\\ConnectionFactory.php(184): Illuminate\\Database\\Connectors\\MySqlConnector->connect(Array)
#4 [internal function]: Illuminate\\Database\\Connectors\\ConnectionFactory->Illuminate\\Database\\Connectors\\{closure}()
#5 E:\\xamp\\htdocs\\laravel\\Articles-master\\vendor\\laravel\\framework\\src\\Illuminate\\Database\\Connection.php(1021): call_user_func(Object(Closure))
#6 E:\\xamp\\htdocs\\laravel\\Articles-master\\vendor\\laravel\\framework\\src\\Illuminate\\Database\\Connection.php(1057): Illuminate\\Database\\Connection->getPdo()
#7 E:\\xamp\\htdocs\\laravel\\Articles-master\\vendor\\laravel\\framework\\src\\Illuminate\\Database\\Connection.php(433): Illuminate\\Database\\Connection->getReadPdo()
#8 E:\\xamp\\htdocs\\laravel\\Articles-master\\vendor\\laravel\\framework\\src\\Illuminate\\Database\\Connection.php(359): Illuminate\\Database\\Connection->getPdoForSelect(true)
#9 E:\\xamp\\htdocs\\laravel\\Articles-master\\vendor\\laravel\\framework\\src\\Illuminate\\Database\\Connection.php(696): Illuminate\\Database\\Connection->Illuminate\\Database\\{closure}('select * from i...', Array)
#10 E:\\xamp\\htdocs\\laravel\\Articles-master\\vendor\\laravel\\framework\\src\\Illuminate\\Database\\Connection.php(663): Illuminate\\Database\\Connection->runQueryCallback('select * from i...', Array, Object(Closure))
#11 E:\\xamp\\htdocs\\laravel\\Articles-master\\vendor\\laravel\\framework\\src\\Illuminate\\Database\\Connection.php(367): Illuminate\\Database\\Connection->run('select * from i...', Array, Object(Closure))
#12 E:\\xamp\\htdocs\\laravel\\Articles-master\\vendor\\laravel\\framework\\src\\Illuminate\\Database\\Schema\\MySqlBuilder.php(44): Illuminate\\Database\\Connection->select('select * from i...', Array)
#13 E:\\xamp\\htdocs\\laravel\\Articles-master\\vendor\\laravel\\framework\\src\\Illuminate\\Database\\Migrations\\DatabaseMigrationRepository.php(169): Illuminate\\Database\\Schema\\MySqlBuilder->hasTable('migrations')
#14 E:\\xamp\\htdocs\\laravel\\Articles-master\\vendor\\laravel\\framework\\src\\Illuminate\\Database\\Migrations\\Migrator.php(652): Illuminate\\Database\\Migrations\\DatabaseMigrationRepository->repositoryExists()
#15 E:\\xamp\\htdocs\\laravel\\Articles-master\\vendor\\laravel\\framework\\src\\Illuminate\\Database\\Console\\Migrations\\MigrateCommand.php(106): Illuminate\\Database\\Migrations\\Migrator->repositoryExists()
#16 E:\\xamp\\htdocs\\laravel\\Articles-master\\vendor\\laravel\\framework\\src\\Illuminate\\Database\\Console\\Migrations\\MigrateCommand.php(77): Illuminate\\Database\\Console\\Migrations\\MigrateCommand->prepareDatabase()
#17 E:\\xamp\\htdocs\\laravel\\Articles-master\\vendor\\laravel\\framework\\src\\Illuminate\\Database\\Migrations\\Migrator.php(585): Illuminate\\Database\\Console\\Migrations\\MigrateCommand->Illuminate\\Database\\Console\\Migrations\\{closure}()
#18 E:\\xamp\\htdocs\\laravel\\Articles-master\\vendor\\laravel\\framework\\src\\Illuminate\\Database\\Console\\Migrations\\MigrateCommand.php(94): Illuminate\\Database\\Migrations\\Migrator->usingConnection(NULL, Object(Closure))
#19 E:\\xamp\\htdocs\\laravel\\Articles-master\\vendor\\laravel\\framework\\src\\Illuminate\\Container\\BoundMethod.php(36): Illuminate\\Database\\Console\\Migrations\\MigrateCommand->handle()
#20 E:\\xamp\\htdocs\\laravel\\Articles-master\\vendor\\laravel\\framework\\src\\Illuminate\\Container\\Util.php(40): Illuminate\\Container\\BoundMethod::Illuminate\\Container\\{closure}()
#21 E:\\xamp\\htdocs\\laravel\\Articles-master\\vendor\\laravel\\framework\\src\\Illuminate\\Container\\BoundMethod.php(93): Illuminate\\Container\\Util::unwrapIfClosure(Object(Closure))
#22 E:\\xamp\\htdocs\\laravel\\Articles-master\\vendor\\laravel\\framework\\src\\Illuminate\\Container\\BoundMethod.php(37): Illuminate\\Container\\BoundMethod::callBoundMethod(Object(Illuminate\\Foundation\\Application), Array, Object(Closure))
#23 E:\\xamp\\htdocs\\laravel\\Articles-master\\vendor\\laravel\\framework\\src\\Illuminate\\Container\\Container.php(653): Illuminate\\Container\\BoundMethod::call(Object(Illuminate\\Foundation\\Application), Array, Array, NULL)
#24 E:\\xamp\\htdocs\\laravel\\Articles-master\\vendor\\laravel\\framework\\src\\Illuminate\\Console\\Command.php(136): Illuminate\\Container\\Container->call(Array)
#25 E:\\xamp\\htdocs\\laravel\\Articles-master\\vendor\\symfony\\console\\Command\\Command.php(298): Illuminate\\Console\\Command->execute(Object(Symfony\\Component\\Console\\Input\\ArgvInput), Object(Illuminate\\Console\\OutputStyle))
#26 E:\\xamp\\htdocs\\laravel\\Articles-master\\vendor\\laravel\\framework\\src\\Illuminate\\Console\\Command.php(121): Symfony\\Component\\Console\\Command\\Command->run(Object(Symfony\\Component\\Console\\Input\\ArgvInput), Object(Illuminate\\Console\\OutputStyle))
#27 E:\\xamp\\htdocs\\laravel\\Articles-master\\vendor\\symfony\\console\\Application.php(1005): Illuminate\\Console\\Command->run(Object(Symfony\\Component\\Console\\Input\\ArgvInput), Object(Symfony\\Component\\Console\\Output\\ConsoleOutput))
#28 E:\\xamp\\htdocs\\laravel\\Articles-master\\vendor\\symfony\\console\\Application.php(299): Symfony\\Component\\Console\\Application->doRunCommand(Object(Illuminate\\Database\\Console\\Migrations\\MigrateCommand), Object(Symfony\\Component\\Console\\Input\\ArgvInput), Object(Symfony\\Component\\Console\\Output\\ConsoleOutput))
#29 E:\\xamp\\htdocs\\laravel\\Articles-master\\vendor\\symfony\\console\\Application.php(171): Symfony\\Component\\Console\\Application->doRun(Object(Symfony\\Component\\Console\\Input\\ArgvInput), Object(Symfony\\Component\\Console\\Output\\ConsoleOutput))
#30 E:\\xamp\\htdocs\\laravel\\Articles-master\\vendor\\laravel\\framework\\src\\Illuminate\\Console\\Application.php(94): Symfony\\Component\\Console\\Application->run(Object(Symfony\\Component\\Console\\Input\\ArgvInput), Object(Symfony\\Component\\Console\\Output\\ConsoleOutput))
#31 E:\\xamp\\htdocs\\laravel\\Articles-master\\vendor\\laravel\\framework\\src\\Illuminate\\Foundation\\Console\\Kernel.php(129): Illuminate\\Console\\Application->run(Object(Symfony\\Component\\Console\\Input\\ArgvInput), Object(Symfony\\Component\\Console\\Output\\ConsoleOutput))
#32 E:\\xamp\\htdocs\\laravel\\Articles-master\\artisan(37): Illuminate\\Foundation\\Console\\Kernel->handle(Object(Symfony\\Component\\Console\\Input\\ArgvInput), Object(Symfony\\Component\\Console\\Output\\ConsoleOutput))
#33 {main}
"} 
[2021-12-11 00:23:06] local.ERROR: SQLSTATE[HY000]: General error: 1005 Can't create table `test2db`.`acl_rules` (errno: 150 "Foreign key constraint is incorrectly formed") (SQL: alter table `acl_rules` add constraint `acl_rules_user_id_foreign` foreign key (`user_id`) references `users` (`id`)) {"exception":"[object] (Illuminate\\Database\\QueryException(code: HY000): SQLSTATE[HY000]: General error: 1005 Can't create table `test2db`.`acl_rules` (errno: 150 \"Foreign key constraint is incorrectly formed\") (SQL: alter table `acl_rules` add constraint `acl_rules_user_id_foreign` foreign key (`user_id`) references `users` (`id`)) at E:\\xamp\\htdocs\\laravel\\Articles-master\\vendor\\laravel\\framework\\src\\Illuminate\\Database\\Connection.php:703)
[stacktrace]
#0 E:\\xamp\\htdocs\\laravel\\Articles-master\\vendor\\laravel\\framework\\src\\Illuminate\\Database\\Connection.php(663): Illuminate\\Database\\Connection->runQueryCallback('alter table `ac...', Array, Object(Closure))
#1 E:\\xamp\\htdocs\\laravel\\Articles-master\\vendor\\laravel\\framework\\src\\Illuminate\\Database\\Connection.php(493): Illuminate\\Database\\Connection->run('alter table `ac...', Array, Object(Closure))
#2 E:\\xamp\\htdocs\\laravel\\Articles-master\\vendor\\laravel\\framework\\src\\Illuminate\\Database\\Schema\\Blueprint.php(109): Illuminate\\Database\\Connection->statement('alter table `ac...')
#3 E:\\xamp\\htdocs\\laravel\\Articles-master\\vendor\\laravel\\framework\\src\\Illuminate\\Database\\Schema\\Builder.php(365): Illuminate\\Database\\Schema\\Blueprint->build(Object(Illuminate\\Database\\MySqlConnection), Object(Illuminate\\Database\\Schema\\Grammars\\MySqlGrammar))
#4 E:\\xamp\\htdocs\\laravel\\Articles-master\\vendor\\laravel\\framework\\src\\Illuminate\\Database\\Schema\\Builder.php(228): Illuminate\\Database\\Schema\\Builder->build(Object(Illuminate\\Database\\Schema\\Blueprint))
#5 E:\\xamp\\htdocs\\laravel\\Articles-master\\vendor\\laravel\\framework\\src\\Illuminate\\Support\\Facades\\Facade.php(261): Illuminate\\Database\\Schema\\Builder->create('acl_rules', Object(Closure))
#6 E:\\xamp\\htdocs\\laravel\\Articles-master\\database\\migrations\\2019_02_06_174631_make_acl_rules_table.php(25): Illuminate\\Support\\Facades\\Facade::__callStatic('create', Array)
#7 E:\\xamp\\htdocs\\laravel\\Articles-master\\vendor\\laravel\\framework\\src\\Illuminate\\Database\\Migrations\\Migrator.php(394): MakeAclRulesTable->up()
#8 E:\\xamp\\htdocs\\laravel\\Articles-master\\vendor\\laravel\\framework\\src\\Illuminate\\Database\\Migrations\\Migrator.php(403): Illuminate\\Database\\Migrations\\Migrator->Illuminate\\Database\\Migrations\\{closure}()
#9 E:\\xamp\\htdocs\\laravel\\Articles-master\\vendor\\laravel\\framework\\src\\Illuminate\\Database\\Migrations\\Migrator.php(202): Illuminate\\Database\\Migrations\\Migrator->runMigration(Object(MakeAclRulesTable), 'up')
#10 E:\\xamp\\htdocs\\laravel\\Articles-master\\vendor\\laravel\\framework\\src\\Illuminate\\Database\\Migrations\\Migrator.php(167): Illuminate\\Database\\Migrations\\Migrator->runUp('E:\\\\xamp\\\\htdocs\\\\...', 1, false)
#11 E:\\xamp\\htdocs\\laravel\\Articles-master\\vendor\\laravel\\framework\\src\\Illuminate\\Database\\Migrations\\Migrator.php(112): Illuminate\\Database\\Migrations\\Migrator->runPending(Array, Array)
#12 E:\\xamp\\htdocs\\laravel\\Articles-master\\vendor\\laravel\\framework\\src\\Illuminate\\Database\\Console\\Migrations\\MigrateCommand.php(85): Illuminate\\Database\\Migrations\\Migrator->run(Array, Array)
#13 E:\\xamp\\htdocs\\laravel\\Articles-master\\vendor\\laravel\\framework\\src\\Illuminate\\Database\\Migrations\\Migrator.php(585): Illuminate\\Database\\Console\\Migrations\\MigrateCommand->Illuminate\\Database\\Console\\Migrations\\{closure}()
#14 E:\\xamp\\htdocs\\laravel\\Articles-master\\vendor\\laravel\\framework\\src\\Illuminate\\Database\\Console\\Migrations\\MigrateCommand.php(94): Illuminate\\Database\\Migrations\\Migrator->usingConnection(NULL, Object(Closure))
#15 E:\\xamp\\htdocs\\laravel\\Articles-master\\vendor\\laravel\\framework\\src\\Illuminate\\Container\\BoundMethod.php(36): Illuminate\\Database\\Console\\Migrations\\MigrateCommand->handle()
#16 E:\\xamp\\htdocs\\laravel\\Articles-master\\vendor\\laravel\\framework\\src\\Illuminate\\Container\\Util.php(40): Illuminate\\Container\\BoundMethod::Illuminate\\Container\\{closure}()
#17 E:\\xamp\\htdocs\\laravel\\Articles-master\\vendor\\laravel\\framework\\src\\Illuminate\\Container\\BoundMethod.php(93): Illuminate\\Container\\Util::unwrapIfClosure(Object(Closure))
#18 E:\\xamp\\htdocs\\laravel\\Articles-master\\vendor\\laravel\\framework\\src\\Illuminate\\Container\\BoundMethod.php(37): Illuminate\\Container\\BoundMethod::callBoundMethod(Object(Illuminate\\Foundation\\Application), Array, Object(Closure))
#19 E:\\xamp\\htdocs\\laravel\\Articles-master\\vendor\\laravel\\framework\\src\\Illuminate\\Container\\Container.php(653): Illuminate\\Container\\BoundMethod::call(Object(Illuminate\\Foundation\\Application), Array, Array, NULL)
#20 E:\\xamp\\htdocs\\laravel\\Articles-master\\vendor\\laravel\\framework\\src\\Illuminate\\Console\\Command.php(136): Illuminate\\Container\\Container->call(Array)
#21 E:\\xamp\\htdocs\\laravel\\Articles-master\\vendor\\symfony\\console\\Command\\Command.php(298): Illuminate\\Console\\Command->execute(Object(Symfony\\Component\\Console\\Input\\ArgvInput), Object(Illuminate\\Console\\OutputStyle))
#22 E:\\xamp\\htdocs\\laravel\\Articles-master\\vendor\\laravel\\framework\\src\\Illuminate\\Console\\Command.php(121): Symfony\\Component\\Console\\Command\\Command->run(Object(Symfony\\Component\\Console\\Input\\ArgvInput), Object(Illuminate\\Console\\OutputStyle))
#23 E:\\xamp\\htdocs\\laravel\\Articles-master\\vendor\\symfony\\console\\Application.php(1005): Illuminate\\Console\\Command->run(Object(Symfony\\Component\\Console\\Input\\ArgvInput), Object(Symfony\\Component\\Console\\Output\\ConsoleOutput))
#24 E:\\xamp\\htdocs\\laravel\\Articles-master\\vendor\\symfony\\console\\Application.php(299): Symfony\\Component\\Console\\Application->doRunCommand(Object(Illuminate\\Database\\Console\\Migrations\\MigrateCommand), Object(Symfony\\Component\\Console\\Input\\ArgvInput), Object(Symfony\\Component\\Console\\Output\\ConsoleOutput))
#25 E:\\xamp\\htdocs\\laravel\\Articles-master\\vendor\\symfony\\console\\Application.php(171): Symfony\\Component\\Console\\Application->doRun(Object(Symfony\\Component\\Console\\Input\\ArgvInput), Object(Symfony\\Component\\Console\\Output\\ConsoleOutput))
#26 E:\\xamp\\htdocs\\laravel\\Articles-master\\vendor\\laravel\\framework\\src\\Illuminate\\Console\\Application.php(94): Symfony\\Component\\Console\\Application->run(Object(Symfony\\Component\\Console\\Input\\ArgvInput), Object(Symfony\\Component\\Console\\Output\\ConsoleOutput))
#27 E:\\xamp\\htdocs\\laravel\\Articles-master\\vendor\\laravel\\framework\\src\\Illuminate\\Foundation\\Console\\Kernel.php(129): Illuminate\\Console\\Application->run(Object(Symfony\\Component\\Console\\Input\\ArgvInput), Object(Symfony\\Component\\Console\\Output\\ConsoleOutput))
#28 E:\\xamp\\htdocs\\laravel\\Articles-master\\artisan(37): Illuminate\\Foundation\\Console\\Kernel->handle(Object(Symfony\\Component\\Console\\Input\\ArgvInput), Object(Symfony\\Component\\Console\\Output\\ConsoleOutput))
#29 {main}

[previous exception] [object] (PDOException(code: HY000): SQLSTATE[HY000]: General error: 1005 Can't create table `test2db`.`acl_rules` (errno: 150 \"Foreign key constraint is incorrectly formed\") at E:\\xamp\\htdocs\\laravel\\Articles-master\\vendor\\laravel\\framework\\src\\Illuminate\\Database\\Connection.php:492)
[stacktrace]
#0 E:\\xamp\\htdocs\\laravel\\Articles-master\\vendor\\laravel\\framework\\src\\Illuminate\\Database\\Connection.php(492): PDOStatement->execute()
#1 E:\\xamp\\htdocs\\laravel\\Articles-master\\vendor\\laravel\\framework\\src\\Illuminate\\Database\\Connection.php(696): Illuminate\\Database\\Connection->Illuminate\\Database\\{closure}('alter table `ac...', Array)
#2 E:\\xamp\\htdocs\\laravel\\Articles-master\\vendor\\laravel\\framework\\src\\Illuminate\\Database\\Connection.php(663): Illuminate\\Database\\Connection->runQueryCallback('alter table `ac...', Array, Object(Closure))
#3 E:\\xamp\\htdocs\\laravel\\Articles-master\\vendor\\laravel\\framework\\src\\Illuminate\\Database\\Connection.php(493): Illuminate\\Database\\Connection->run('alter table `ac...', Array, Object(Closure))
#4 E:\\xamp\\htdocs\\laravel\\Articles-master\\vendor\\laravel\\framework\\src\\Illuminate\\Database\\Schema\\Blueprint.php(109): Illuminate\\Database\\Connection->statement('alter table `ac...')
#5 E:\\xamp\\htdocs\\laravel\\Articles-master\\vendor\\laravel\\framework\\src\\Illuminate\\Database\\Schema\\Builder.php(365): Illuminate\\Database\\Schema\\Blueprint->build(Object(Illuminate\\Database\\MySqlConnection), Object(Illuminate\\Database\\Schema\\Grammars\\MySqlGrammar))
#6 E:\\xamp\\htdocs\\laravel\\Articles-master\\vendor\\laravel\\framework\\src\\Illuminate\\Database\\Schema\\Builder.php(228): Illuminate\\Database\\Schema\\Builder->build(Object(Illuminate\\Database\\Schema\\Blueprint))
#7 E:\\xamp\\htdocs\\laravel\\Articles-master\\vendor\\laravel\\framework\\src\\Illuminate\\Support\\Facades\\Facade.php(261): Illuminate\\Database\\Schema\\Builder->create('acl_rules', Object(Closure))
#8 E:\\xamp\\htdocs\\laravel\\Articles-master\\database\\migrations\\2019_02_06_174631_make_acl_rules_table.php(25): Illuminate\\Support\\Facades\\Facade::__callStatic('create', Array)
#9 E:\\xamp\\htdocs\\laravel\\Articles-master\\vendor\\laravel\\framework\\src\\Illuminate\\Database\\Migrations\\Migrator.php(394): MakeAclRulesTable->up()
#10 E:\\xamp\\htdocs\\laravel\\Articles-master\\vendor\\laravel\\framework\\src\\Illuminate\\Database\\Migrations\\Migrator.php(403): Illuminate\\Database\\Migrations\\Migrator->Illuminate\\Database\\Migrations\\{closure}()
#11 E:\\xamp\\htdocs\\laravel\\Articles-master\\vendor\\laravel\\framework\\src\\Illuminate\\Database\\Migrations\\Migrator.php(202): Illuminate\\Database\\Migrations\\Migrator->runMigration(Object(MakeAclRulesTable), 'up')
#12 E:\\xamp\\htdocs\\laravel\\Articles-master\\vendor\\laravel\\framework\\src\\Illuminate\\Database\\Migrations\\Migrator.php(167): Illuminate\\Database\\Migrations\\Migrator->runUp('E:\\\\xamp\\\\htdocs\\\\...', 1, false)
#13 E:\\xamp\\htdocs\\laravel\\Articles-master\\vendor\\laravel\\framework\\src\\Illuminate\\Database\\Migrations\\Migrator.php(112): Illuminate\\Database\\Migrations\\Migrator->runPending(Array, Array)
#14 E:\\xamp\\htdocs\\laravel\\Articles-master\\vendor\\laravel\\framework\\src\\Illuminate\\Database\\Console\\Migrations\\MigrateCommand.php(85): Illuminate\\Database\\Migrations\\Migrator->run(Array, Array)
#15 E:\\xamp\\htdocs\\laravel\\Articles-master\\vendor\\laravel\\framework\\src\\Illuminate\\Database\\Migrations\\Migrator.php(585): Illuminate\\Database\\Console\\Migrations\\MigrateCommand->Illuminate\\Database\\Console\\Migrations\\{closure}()
#16 E:\\xamp\\htdocs\\laravel\\Articles-master\\vendor\\laravel\\framework\\src\\Illuminate\\Database\\Console\\Migrations\\MigrateCommand.php(94): Illuminate\\Database\\Migrations\\Migrator->usingConnection(NULL, Object(Closure))
#17 E:\\xamp\\htdocs\\laravel\\Articles-master\\vendor\\laravel\\framework\\src\\Illuminate\\Container\\BoundMethod.php(36): Illuminate\\Database\\Console\\Migrations\\MigrateCommand->handle()
#18 E:\\xamp\\htdocs\\laravel\\Articles-master\\vendor\\laravel\\framework\\src\\Illuminate\\Container\\Util.php(40): Illuminate\\Container\\BoundMethod::Illuminate\\Container\\{closure}()
#19 E:\\xamp\\htdocs\\laravel\\Articles-master\\vendor\\laravel\\framework\\src\\Illuminate\\Container\\BoundMethod.php(93): Illuminate\\Container\\Util::unwrapIfClosure(Object(Closure))
#20 E:\\xamp\\htdocs\\laravel\\Articles-master\\vendor\\laravel\\framework\\src\\Illuminate\\Container\\BoundMethod.php(37): Illuminate\\Container\\BoundMethod::callBoundMethod(Object(Illuminate\\Foundation\\Application), Array, Object(Closure))
#21 E:\\xamp\\htdocs\\laravel\\Articles-master\\vendor\\laravel\\framework\\src\\Illuminate\\Container\\Container.php(653): Illuminate\\Container\\BoundMethod::call(Object(Illuminate\\Foundation\\Application), Array, Array, NULL)
#22 E:\\xamp\\htdocs\\laravel\\Articles-master\\vendor\\laravel\\framework\\src\\Illuminate\\Console\\Command.php(136): Illuminate\\Container\\Container->call(Array)
#23 E:\\xamp\\htdocs\\laravel\\Articles-master\\vendor\\symfony\\console\\Command\\Command.php(298): Illuminate\\Console\\Command->execute(Object(Symfony\\Component\\Console\\Input\\ArgvInput), Object(Illuminate\\Console\\OutputStyle))
#24 E:\\xamp\\htdocs\\laravel\\Articles-master\\vendor\\laravel\\framework\\src\\Illuminate\\Console\\Command.php(121): Symfony\\Component\\Console\\Command\\Command->run(Object(Symfony\\Component\\Console\\Input\\ArgvInput), Object(Illuminate\\Console\\OutputStyle))
#25 E:\\xamp\\htdocs\\laravel\\Articles-master\\vendor\\symfony\\console\\Application.php(1005): Illuminate\\Console\\Command->run(Object(Symfony\\Component\\Console\\Input\\ArgvInput), Object(Symfony\\Component\\Console\\Output\\ConsoleOutput))
#26 E:\\xamp\\htdocs\\laravel\\Articles-master\\vendor\\symfony\\console\\Application.php(299): Symfony\\Component\\Console\\Application->doRunCommand(Object(Illuminate\\Database\\Console\\Migrations\\MigrateCommand), Object(Symfony\\Component\\Console\\Input\\ArgvInput), Object(Symfony\\Component\\Console\\Output\\ConsoleOutput))
#27 E:\\xamp\\htdocs\\laravel\\Articles-master\\vendor\\symfony\\console\\Application.php(171): Symfony\\Component\\Console\\Application->doRun(Object(Symfony\\Component\\Console\\Input\\ArgvInput), Object(Symfony\\Component\\Console\\Output\\ConsoleOutput))
#28 E:\\xamp\\htdocs\\laravel\\Articles-master\\vendor\\laravel\\framework\\src\\Illuminate\\Console\\Application.php(94): Symfony\\Component\\Console\\Application->run(Object(Symfony\\Component\\Console\\Input\\ArgvInput), Object(Symfony\\Component\\Console\\Output\\ConsoleOutput))
#29 E:\\xamp\\htdocs\\laravel\\Articles-master\\vendor\\laravel\\framework\\src\\Illuminate\\Foundation\\Console\\Kernel.php(129): Illuminate\\Console\\Application->run(Object(Symfony\\Component\\Console\\Input\\ArgvInput), Object(Symfony\\Component\\Console\\Output\\ConsoleOutput))
#30 E:\\xamp\\htdocs\\laravel\\Articles-master\\artisan(37): Illuminate\\Foundation\\Console\\Kernel->handle(Object(Symfony\\Component\\Console\\Input\\ArgvInput), Object(Symfony\\Component\\Console\\Output\\ConsoleOutput))
#31 {main}
"} 
[2021-12-11 00:27:36] local.INFO: UserCreatedProfileCreate: Super Admin(Id:1)  
[2021-12-11 00:27:36] local.INFO: UserCreatedProfileCreate: Admin Istrator(Id:2)  
[2021-12-11 00:27:37] local.INFO: UserCreatedProfileCreate: Manager(Id:3)  
[2021-12-11 00:27:37] local.INFO: UserCreatedProfileCreate: Executive User(Id:4)  
[2021-12-11 00:27:37] local.INFO: UserCreatedProfileCreate: General User(Id:5)  
[2021-12-11 00:27:55] local.DEBUG: Login Success: Super Admin, IP:127.0.0.1  
[2021-12-11 00:30:29] local.DEBUG: Login Success: Super Admin, IP:127.0.0.1  
[2021-12-11 00:30:42] local.DEBUG: Tags List | User:Super Admin (ID:1)  
[2021-12-11 00:30:48] local.DEBUG: Tags Create | User:Super Admin (ID:1)  
[2021-12-11 00:31:06] local.DEBUG: Tags Store | Id: 11 | User:Super Admin (ID:1)  
[2021-12-11 00:31:06] local.DEBUG: Tags List | User:Super Admin (ID:1)  
[2021-12-11 00:31:22] local.INFO: Posts List | User:Super Admin(ID:1)  
[2021-12-11 00:31:26] local.INFO: Posts Edit | 'Aliquam commodi a in(ID:25) ' by User:Super Admin(ID:1)  
[2021-12-11 00:31:40] local.DEBUG: Listeners: UpdatePostData  
[2021-12-11 00:31:40] local.INFO: Posts Update | 'Aliquam commodi a inv(ID:25) ' by User:Super Admin(ID:1)  
[2021-12-11 00:31:41] local.INFO: Posts List | User:Super Admin(ID:1)  
[2021-12-11 00:31:44] local.INFO: Posts List | User:Super Admin(ID:1)  
[2021-12-11 00:31:47] local.INFO: Posts Create | User:Super Admin(ID:1)  
[2021-12-11 00:38:47] local.INFO: Posts Create | User:Super Admin(ID:1)  
[2021-12-11 00:39:52] local.INFO: Posts Create | User:Super Admin(ID:1)  
[2021-12-11 00:40:37] local.INFO: Posts Create | User:Super Admin(ID:1)  
[2021-12-11 00:40:57] local.INFO: Posts Create | User:Super Admin(ID:1)  
[2021-12-11 00:42:44] local.INFO: Posts Create | User:Super Admin(ID:1)  
[2021-12-11 00:43:23] local.INFO: Posts Create | User:Super Admin(ID:1)  
